<?xml version="1.0" encoding="UTF-8"?>
<testsuite xmlns:xsi="http://www.w3.org/2001/XMLSchema-instance" xsi:noNamespaceSchemaLocation="https://maven.apache.org/surefire/maven-surefire-plugin/xsd/surefire-test-report.xsd" name="mx.tec.lab.UnderstandingAssertsApplicationTests" time="1.279" tests="8" errors="0" skipped="0" failures="1">
  <properties>
[...]
</properties>
  <testcase name="testAssertThatHasItems" classname="mx.tec.lab.UnderstandingAssertsApplicationTests" time="0.395">
    <failure message="&#10;Expecting ArrayList:&#10; &lt;[&quot;Harrenhal&quot;, &quot;Dragonstone&quot;, &quot;Winterfell&quot;]&gt;&#10;to contain:&#10; &lt;[&quot;Winterfell&quot;, &quot;Riverrun&quot;]&gt;&#10;but could not find the following element(s):&#10; &lt;[&quot;Riverrun&quot;]&gt;&#10;" type="java.lang.AssertionError"><![CDATA[java.lang.AssertionError: 

Expecting ArrayList:
 <["Harrenhal", "Dragonstone", "Winterfell"]>
to contain:
 <["Winterfell", "Riverrun"]>
but could not find the following element(s):
 <["Riverrun"]>

	at mx.tec.lab.UnderstandingAssertsApplicationTests.testAssertThatHasItems(UnderstandingAssertsApplicationTests.java:77)
]]></failure>
    <system-out><![CDATA[19:14:56.954 [main] DEBUG org.springframework.test.context.BootstrapUtils - Instantiating CacheAwareContextLoaderDelegate from class [org.springframework.test.context.cache.DefaultCacheAwareContextLoaderDelegate]
19:14:56.965 [main] DEBUG org.springframework.test.context.BootstrapUtils - Instantiating BootstrapContext using constructor [public org.springframework.test.context.support.DefaultBootstrapContext(java.lang.Class,org.springframework.test.context.CacheAwareContextLoaderDelegate)]
19:14:56.993 [main] DEBUG org.springframework.test.context.BootstrapUtils - Instantiating TestContextBootstrapper for test class [mx.tec.lab.UnderstandingAssertsApplicationTests] from class [org.springframework.boot.test.context.SpringBootTestContextBootstrapper]
19:14:57.002 [main] INFO org.springframework.boot.test.context.SpringBootTestContextBootstrapper - Neither @ContextConfiguration nor @ContextHierarchy found for test class [mx.tec.lab.UnderstandingAssertsApplicationTests], using SpringBootContextLoader
19:14:57.005 [main] DEBUG org.springframework.test.context.support.AbstractContextLoader - Did not detect default resource location for test class [mx.tec.lab.UnderstandingAssertsApplicationTests]: class path resource [mx/tec/lab/UnderstandingAssertsApplicationTests-context.xml] does not exist
19:14:57.005 [main] DEBUG org.springframework.test.context.support.AbstractContextLoader - Did not detect default resource location for test class [mx.tec.lab.UnderstandingAssertsApplicationTests]: class path resource [mx/tec/lab/UnderstandingAssertsApplicationTestsContext.groovy] does not exist
19:14:57.005 [main] INFO org.springframework.test.context.support.AbstractContextLoader - Could not detect default resource locations for test class [mx.tec.lab.UnderstandingAssertsApplicationTests]: no resource found for suffixes {-context.xml, Context.groovy}.
19:14:57.006 [main] INFO org.springframework.test.context.support.AnnotationConfigContextLoaderUtils - Could not detect default configuration classes for test class [mx.tec.lab.UnderstandingAssertsApplicationTests]: UnderstandingAssertsApplicationTests does not declare any static, non-private, non-final, nested classes annotated with @Configuration.
19:14:57.038 [main] DEBUG org.springframework.test.context.support.ActiveProfilesUtils - Could not find an 'annotation declaring class' for annotation type [org.springframework.test.context.ActiveProfiles] and class [mx.tec.lab.UnderstandingAssertsApplicationTests]
19:14:57.083 [main] DEBUG org.springframework.context.annotation.ClassPathScanningCandidateComponentProvider - Identified candidate component class: file [D:\Users\Cesar\SpringToolSuite4 Workspace\understandingAsserts\target\classes\mx\tec\lab\UnderstandingAssertsApplication.class]
19:14:57.084 [main] INFO org.springframework.boot.test.context.SpringBootTestContextBootstrapper - Found @SpringBootConfiguration mx.tec.lab.UnderstandingAssertsApplication for test class mx.tec.lab.UnderstandingAssertsApplicationTests
19:14:57.152 [main] DEBUG org.springframework.boot.test.context.SpringBootTestContextBootstrapper - @TestExecutionListeners is not present for class [mx.tec.lab.UnderstandingAssertsApplicationTests]: using defaults.
19:14:57.153 [main] INFO org.springframework.boot.test.context.SpringBootTestContextBootstrapper - Loaded default TestExecutionListener class names from location [META-INF/spring.factories]: [org.springframework.boot.test.mock.mockito.MockitoTestExecutionListener, org.springframework.boot.test.mock.mockito.ResetMocksTestExecutionListener, org.springframework.boot.test.autoconfigure.restdocs.RestDocsTestExecutionListener, org.springframework.boot.test.autoconfigure.web.client.MockRestServiceServerResetTestExecutionListener, org.springframework.boot.test.autoconfigure.web.servlet.MockMvcPrintOnlyOnFailureTestExecutionListener, org.springframework.boot.test.autoconfigure.web.servlet.WebDriverTestExecutionListener, org.springframework.boot.test.autoconfigure.webservices.client.MockWebServiceServerTestExecutionListener, org.springframework.test.context.web.ServletTestExecutionListener, org.springframework.test.context.support.DirtiesContextBeforeModesTestExecutionListener, org.springframework.test.context.event.ApplicationEventsTestExecutionListener, org.springframework.test.context.support.DependencyInjectionTestExecutionListener, org.springframework.test.context.support.DirtiesContextTestExecutionListener, org.springframework.test.context.transaction.TransactionalTestExecutionListener, org.springframework.test.context.jdbc.SqlScriptsTestExecutionListener, org.springframework.test.context.event.EventPublishingTestExecutionListener]
19:14:57.159 [main] DEBUG org.springframework.boot.test.context.SpringBootTestContextBootstrapper - Skipping candidate TestExecutionListener [org.springframework.test.context.web.ServletTestExecutionListener] due to a missing dependency. Specify custom listener classes or make the default listener classes and their required dependencies available. Offending class: [javax/servlet/ServletContext]
19:14:57.161 [main] DEBUG org.springframework.boot.test.context.SpringBootTestContextBootstrapper - Skipping candidate TestExecutionListener [org.springframework.test.context.transaction.TransactionalTestExecutionListener] due to a missing dependency. Specify custom listener classes or make the default listener classes and their required dependencies available. Offending class: [org/springframework/transaction/interceptor/TransactionAttributeSource]
19:14:57.161 [main] DEBUG org.springframework.boot.test.context.SpringBootTestContextBootstrapper - Skipping candidate TestExecutionListener [org.springframework.test.context.jdbc.SqlScriptsTestExecutionListener] due to a missing dependency. Specify custom listener classes or make the default listener classes and their required dependencies available. Offending class: [org/springframework/transaction/interceptor/TransactionAttribute]
19:14:57.161 [main] INFO org.springframework.boot.test.context.SpringBootTestContextBootstrapper - Using TestExecutionListeners: [org.springframework.test.context.support.DirtiesContextBeforeModesTestExecutionListener@727eb8cb, org.springframework.test.context.event.ApplicationEventsTestExecutionListener@39d9314d, org.springframework.boot.test.mock.mockito.MockitoTestExecutionListener@b978d10, org.springframework.boot.test.autoconfigure.SpringBootDependencyInjectionTestExecutionListener@5b7a8434, org.springframework.test.context.support.DirtiesContextTestExecutionListener@5c45d770, org.springframework.test.context.event.EventPublishingTestExecutionListener@2ce6c6ec, org.springframework.boot.test.mock.mockito.ResetMocksTestExecutionListener@1bae316d, org.springframework.boot.test.autoconfigure.restdocs.RestDocsTestExecutionListener@147a5d08, org.springframework.boot.test.autoconfigure.web.client.MockRestServiceServerResetTestExecutionListener@6676f6a0, org.springframework.boot.test.autoconfigure.web.servlet.MockMvcPrintOnlyOnFailureTestExecutionListener@7cbd9d24, org.springframework.boot.test.autoconfigure.web.servlet.WebDriverTestExecutionListener@1672fe87, org.springframework.boot.test.autoconfigure.webservices.client.MockWebServiceServerTestExecutionListener@5026735c]
19:14:57.164 [main] DEBUG org.springframework.test.context.support.AbstractDirtiesContextTestExecutionListener - Before test class: context [DefaultTestContext@6853425f testClass = UnderstandingAssertsApplicationTests, testInstance = [null], testMethod = [null], testException = [null], mergedContextConfiguration = [MergedContextConfiguration@352c1b98 testClass = UnderstandingAssertsApplicationTests, locations = '{}', classes = '{class mx.tec.lab.UnderstandingAssertsApplication}', contextInitializerClasses = '[]', activeProfiles = '{}', propertySourceLocations = '{}', propertySourceProperties = '{org.springframework.boot.test.context.SpringBootTestContextBootstrapper=true}', contextCustomizers = set[org.springframework.boot.test.context.filter.ExcludeFilterContextCustomizer@62e7f11d, org.springframework.boot.test.json.DuplicateJsonObjectContextCustomizerFactory$DuplicateJsonObjectContextCustomizer@2abf4075, org.springframework.boot.test.mock.mockito.MockitoContextCustomizer@0, org.springframework.boot.test.web.client.TestRestTemplateContextCustomizer@62230c58, org.springframework.boot.test.autoconfigure.actuate.metrics.MetricsExportContextCustomizerFactory$DisableMetricExportContextCustomizer@1eb5174b, org.springframework.boot.test.autoconfigure.properties.PropertyMappingContextCustomizer@0, org.springframework.boot.test.autoconfigure.web.servlet.WebDriverContextCustomizerFactory$Customizer@1cbb87f3, org.springframework.boot.test.context.SpringBootTestArgs@1, org.springframework.boot.test.context.SpringBootTestWebEnvironment@1f7030a6], contextLoader = 'org.springframework.boot.test.context.SpringBootContextLoader', parent = [null]], attributes = map[[empty]]], class annotated with @DirtiesContext [false] with mode [null].
19:14:57.175 [main] DEBUG org.springframework.test.context.support.DependencyInjectionTestExecutionListener - Performing dependency injection for test context [[DefaultTestContext@6853425f testClass = UnderstandingAssertsApplicationTests, testInstance = mx.tec.lab.UnderstandingAssertsApplicationTests@82ea68c, testMethod = [null], testException = [null], mergedContextConfiguration = [MergedContextConfiguration@352c1b98 testClass = UnderstandingAssertsApplicationTests, locations = '{}', classes = '{class mx.tec.lab.UnderstandingAssertsApplication}', contextInitializerClasses = '[]', activeProfiles = '{}', propertySourceLocations = '{}', propertySourceProperties = '{org.springframework.boot.test.context.SpringBootTestContextBootstrapper=true}', contextCustomizers = set[org.springframework.boot.test.context.filter.ExcludeFilterContextCustomizer@62e7f11d, org.springframework.boot.test.json.DuplicateJsonObjectContextCustomizerFactory$DuplicateJsonObjectContextCustomizer@2abf4075, org.springframework.boot.test.mock.mockito.MockitoContextCustomizer@0, org.springframework.boot.test.web.client.TestRestTemplateContextCustomizer@62230c58, org.springframework.boot.test.autoconfigure.actuate.metrics.MetricsExportContextCustomizerFactory$DisableMetricExportContextCustomizer@1eb5174b, org.springframework.boot.test.autoconfigure.properties.PropertyMappingContextCustomizer@0, org.springframework.boot.test.autoconfigure.web.servlet.WebDriverContextCustomizerFactory$Customizer@1cbb87f3, org.springframework.boot.test.context.SpringBootTestArgs@1, org.springframework.boot.test.context.SpringBootTestWebEnvironment@1f7030a6], contextLoader = 'org.springframework.boot.test.context.SpringBootContextLoader', parent = [null]], attributes = map['org.springframework.test.context.event.ApplicationEventsTestExecutionListener.recordApplicationEvents' -> false]]].
19:14:57.192 [main] DEBUG org.springframework.test.context.support.TestPropertySourceUtils - Adding inlined properties to environment: {spring.jmx.enabled=false, org.springframework.boot.test.context.SpringBootTestContextBootstrapper=true}

  .   ____          _            __ _ _
 /\\ / ___'_ __ _ _(_)_ __  __ _ \ \ \ \
( ( )\___ | '_ | '_| | '_ \/ _` | \ \ \ \
 \\/  ___)| |_)| | | | | || (_| |  ) ) ) )
  '  |____| .__|_| |_|_| |_\__, | / / / /
 =========|_|==============|___/=/_/_/_/
 :: Spring Boot ::                (v2.4.3)

2021-02-22 19:14:57.399  INFO 5036 --- [           main] t.l.UnderstandingAssertsApplicationTests : Starting UnderstandingAssertsApplicationTests using Java 15.0.1 on DESKTOP-N44VCA9 with PID 5036 (started by Cesar in D:\Users\Cesar\SpringToolSuite4 Workspace\understandingAsserts)
2021-02-22 19:14:57.401  INFO 5036 --- [           main] t.l.UnderstandingAssertsApplicationTests : No active profile set, falling back to default profiles: default
2021-02-22 19:14:57.758  INFO 5036 --- [           main] t.l.UnderstandingAssertsApplicationTests : Started UnderstandingAssertsApplicationTests in 0.565 seconds (JVM running for 1.309)
]]></system-out>
  </testcase>
  <testcase name="whenAssertingEquality_thenEqual" classname="mx.tec.lab.UnderstandingAssertsApplicationTests" time="0.004"/>
  <testcase name="whenAssertingConditions_thenVerified" classname="mx.tec.lab.UnderstandingAssertsApplicationTests" time="0.003"/>
  <testcase name="whenAssertingArraysEquality_thenEqual" classname="mx.tec.lab.UnderstandingAssertsApplicationTests" time="0.004"/>
  <testcase name="whenAssertingNotSameObject_thenDifferent" classname="mx.tec.lab.UnderstandingAssertsApplicationTests" time="0.002"/>
  <testcase name="whenAssertingNull_thenTrue" classname="mx.tec.lab.UnderstandingAssertsApplicationTests" time="0.002"/>
  <testcase name="whenCheckingExceptionMessage_thenEqual" classname="mx.tec.lab.UnderstandingAssertsApplicationTests" time="0.002"/>
  <testcase name="givenNullArrays_whenAssertingArraysEquality_thenEqual" classname="mx.tec.lab.UnderstandingAssertsApplicationTests" time="0.002"/>
</testsuite>